  400.000  4.279278e+02  2.325873e+02  1.414106e+02  6.810683e+01  4.761520e+01  2.499734e+01 
                                  0.000            22.500            45.000            90.000           180.000 
-1.0000  4.662658310e+01   4.662658310e+01   4.662658310e+01   4.662658310e+01   4.662658310e+01   4.662658310e+01 
-0.5000  8.548117828e+01   1.079440842e+02   1.041194305e+02   9.446655273e+01   7.572550964e+01   8.252960968e+01 
-0.2000  1.406322632e+02   1.693059998e+02   1.628670502e+02   1.470237579e+02   1.209974594e+02   1.512281189e+02 
-0.1000  1.601468201e+02   1.874577789e+02   1.805524139e+02   1.637148438e+02   1.378818054e+02   1.773658752e+02 
  401.000  4.288412e+02  2.305196e+02  1.410896e+02  6.825220e+01  4.727910e+01  2.492750e+01 
                                  0.000            22.500            45.000            90.000           180.000 
-1.0000  4.613812637e+01   4.613812637e+01   4.613812637e+01   4.613812637e+01   4.613812637e+01   4.613812637e+01 
-0.5000  8.470172882e+01   1.070191727e+02   1.032193222e+02   9.362902832e+01   7.500938416e+01   8.176896667e+01 
-0.2000  1.397898865e+02   1.683793793e+02   1.619593964e+02   1.461627350e+02   1.202129669e+02   1.503542633e+02 
-0.1000  1.596320801e+02   1.869507599e+02   1.800434570e+02   1.632011871e+02   1.373608704e+02   1.768558044e+02 
  402.000  4.469104e+02  2.370206e+02  1.462543e+02  7.112799e+01  4.872286e+01  2.582344e+01 
                                  0.000            22.500            45.000            90.000           180.000 
-1.0000  4.734606552e+01   4.734606552e+01   4.734606552e+01   4.734606552e+01   4.734606552e+01   4.734606552e+01 
-0.5000  8.706549072e+01   1.100789413e+02   1.061606216e+02   9.627132416e+01   7.707105255e+01   8.404092407e+01 
-0.2000  1.442463379e+02   1.738560028e+02   1.672069702e+02   1.508467407e+02   1.239710464e+02   1.551872559e+02 
-0.1000  1.652856445e+02   1.936914062e+02   1.865092773e+02   1.689968567e+02   1.421283264e+02   1.831945190e+02 
  403.000  4.236413e+02  2.218322e+02  1.379476e+02  6.742461e+01  4.569847e+01  2.434190e+01 
                                  0.000            22.500            45.000            90.000           180.000 
-1.0000  4.423049927e+01   4.423049927e+01   4.423049927e+01   4.423049927e+01   4.423049927e+01   4.423049927e+01 
-0.5000  8.146365356e+01   1.030616150e+02   9.938433838e+01   9.010338593e+01   7.208411407e+01   7.862477875e+01 
-0.2000  1.354544220e+02   1.633561859e+02   1.570907135e+02   1.416742554e+02   1.163488312e+02   1.457638397e+02 
-0.1000  1.557149963e+02   1.825825043e+02   1.757893219e+02   1.592253113e+02   1.338118134e+02   1.726538239e+02 
  404.000  4.562461e+02  2.355702e+02  1.477536e+02  7.261382e+01  4.864088e+01  2.605455e+01 
                                  0.000            22.500            45.000            90.000           180.000 
-1.0000  4.687784958e+01   4.687784958e+01   4.687784958e+01   4.687784958e+01   4.687784958e+01   4.687784958e+01 
-0.5000  8.648175049e+01   1.094888306e+02   1.055716934e+02   9.568535614e+01   7.649053955e+01   8.345710754e+01 
-0.2000  1.443548889e+02   1.742055206e+02   1.675025024e+02   1.510093842e+02   1.239151306e+02   1.553837738e+02 
-0.1000  1.665316620e+02   1.953917236e+02   1.880947876e+02   1.703024139e+02   1.430042572e+02   1.847263794e+02 
  405.000  4.443532e+02  2.263413e+02  1.431515e+02  7.072101e+01  4.684016e+01  2.522648e+01 
                                  0.000            22.500            45.000            90.000           180.000 
-1.0000  4.495638657e+01   4.495638657e+01   4.495638657e+01   4.495638657e+01   4.495638657e+01   4.495638657e+01 
-0.5000  8.306819916e+01   1.052394714e+02   1.014646988e+02   9.193763733e+01   7.344020844e+01   8.015293121e+01 
-0.2000  1.391736603e+02   1.680595245e+02   1.615732117e+02   1.456132812e+02   1.193948059e+02   1.498455048e+02 
-0.1000  1.611031036e+02   1.891395111e+02   1.820508728e+02   1.647663727e+02   1.382473297e+02   1.787782288e+02 
  406.000  4.208805e+02  2.116709e+02  1.349309e+02  6.698521e+01  4.389930e+01  2.376327e+01 
                                  0.000            22.500            45.000            90.000           180.000 
-1.0000  4.196544266e+01   4.196544266e+01   4.196544266e+01   4.196544266e+01   4.196544266e+01   4.196544266e+01 
-0.5000  7.766107941e+01   9.845029449e+01   9.491086578e+01   8.597775269e+01   6.863342285e+01   7.492720032e+01 
-0.2000  1.305818024e+02   1.577761536e+02   1.516696930e+02   1.366444702e+02   1.119613647e+02   1.406282959e+02 
-0.1000  1.516545105e+02   1.781488037e+02   1.714500885e+02   1.551163635e+02   1.300560150e+02   1.683571930e+02 
  407.000  4.286140e+02  2.126327e+02  1.366998e+02  6.821604e+01  4.420158e+01  2.405893e+01 
                                  0.000            22.500            45.000            90.000           180.000 
-1.0000  4.207371902e+01   4.207371902e+01   4.207371902e+01   4.207371902e+01   4.207371902e+01   4.207371902e+01 
-0.5000  7.798866272e+01   9.893151855e+01   9.536596680e+01   8.636693573e+01   6.889447021e+01   7.523419189e+01 
-0.2000  1.316346741e+02   1.591473846e+02   1.529694977e+02   1.377684937e+02   1.127964935e+02   1.417982941e+02 
-0.1000  1.534176178e+02   1.803305817e+02   1.735260468e+02   1.569342957e+02   1.314779816e+02   1.703839417e+02 
  408.000  4.450264e+02  2.179869e+02  1.412565e+02  7.082815e+01  4.540878e+01  2.484545e+01 
                                  0.000            22.500            45.000            90.000           180.000 
-1.0000  4.305981827e+01   4.305981827e+01   4.305981827e+01   4.305981827e+01   4.305981827e+01   4.305981827e+01 
-0.5000  7.992820740e+01   1.014582977e+02   9.779283142e+01   8.854161072e+01   7.057930756e+01   7.709590912e+01 
-0.2000  1.353627167e+02   1.637522583e+02   1.573775635e+02   1.416922607e+02   1.159245071e+02   1.458495941e+02 
-0.1000  1.582650452e+02   1.861357574e+02   1.790890961e+02   1.619069977e+02   1.355448303e+02   1.758347626e+02 
  409.000  4.813516e+02  2.326931e+02  1.520368e+02  7.660948e+01  4.857869e+01  2.672439e+01 
                                  0.000            22.500            45.000            90.000           180.000 
-1.0000  4.588209915e+01   4.588209915e+01   4.588209915e+01   4.588209915e+01   4.588209915e+01   4.588209915e+01 
-0.5000  8.529302979e+01   1.083399887e+02   1.044163437e+02   9.451348114e+01   7.528575897e+01   8.226060486e+01 
-0.2000  1.449601440e+02   1.754692383e+02   1.686186676e+02   1.517624817e+02   1.240710220e+02   1.562292938e+02 
-0.1000  1.700545349e+02   2.001198883e+02   1.925184021e+02   1.739833984e+02   1.455454407e+02   1.890073547e+02 
  410.000  3.881693e+02  1.852639e+02  1.220265e+02  6.177907e+01  3.876106e+01  2.143597e+01 
                                  0.000            22.500            45.000            90.000           180.000 
-1.0000  3.646499252e+01   3.646499252e+01   3.646499252e+01   3.646499252e+01   3.646499252e+01   3.646499252e+01 
-0.5000  6.788634491e+01   8.628376007e+01   8.315171814e+01   7.524678040e+01   5.989815140e+01   6.546530151e+01 
-0.2000  1.157789993e+02   1.402276001e+02   1.347379303e+02   1.212302551e+02   9.903963470e+01   1.248091202e+02 
-0.1000  1.362704620e+02   1.604539337e+02   1.543395996e+02   1.394308014e+02   1.165563812e+02   1.515151215e+02 
  411.000  4.757166e+02  2.238083e+02  1.487622e+02  7.571264e+01  4.694002e+01  2.611423e+01 
                                  0.000            22.500            45.000            90.000           180.000 
-1.0000  4.396357346e+01   4.396357346e+01   4.396357346e+01   4.396357346e+01   4.396357346e+01   4.396357346e+01 
-0.5000  8.198020935e+01   1.042700500e+02   1.004754105e+02   9.089811707e+01   7.230218506e+01   7.904640961e+01 
-0.2000  1.403619843e+02   1.701118164e+02   1.634318695e+02   1.469954681e+02   1.199933319e+02   1.513494568e+02 
-0.1000  1.658195953e+02   1.953711243e+02   1.878996277e+02   1.696815796e+02   1.417297363e+02   1.844477539e+02 
  412.000  4.898030e+02  2.277180e+02  1.525086e+02  7.795457e+01  4.785827e+01  2.675643e+01 
                                  0.000            22.500            45.000            90.000           180.000 
-1.0000  4.465650177e+01   4.465650177e+01   4.465650177e+01   4.465650177e+01   4.465650177e+01   4.465650177e+01 
-0.5000  8.338664246e+01   1.061186142e+02   1.022487488e+02   9.248157501e+01   7.351684570e+01   8.039426422e+01 
-0.2000  1.432358856e+02   1.736860199e+02   1.668488922e+02   1.500257111e+02   1.223880234e+02   1.544814911e+02 
-0.1000  1.697421417e+02   2.000964508e+02   1.924220123e+02   1.737091675e+02   1.449980469e+02   1.888760071e+02 
  413.000  4.643069e+02  2.131138e+02  1.439017e+02  7.389673e+01  4.488410e+01  2.523045e+01 
                                  0.000            22.500            45.000            90.000           180.000 
-1.0000  4.172197342e+01   4.172197342e+01   4.172197342e+01   4.172197342e+01   4.172197342e+01   4.172197342e+01 
-0.5000  7.801286316e+01   9.934418488e+01   9.571282196e+01   8.654762268e+01   6.875151825e+01   7.520423889e+01 
-0.2000  1.344505615e+02   1.631289062e+02   1.566896973e+02   1.408455658e+02   1.148161316e+02   1.450411072e+02 
-0.1000  1.598490295e+02   1.885414124e+02   1.812872162e+02   1.635990143e+02   1.364599304e+02   1.779348602e+02 
  414.000  4.905569e+02  2.222983e+02  1.513428e+02  7.807455e+01  4.692106e+01  2.651846e+01 
                                  0.000            22.500            45.000            90.000           180.000 
-1.0000  4.344370651e+01   4.344370651e+01   4.344370651e+01   4.344370651e+01   4.344370651e+01   4.344370651e+01 
-0.5000  8.134725952e+01   1.036544113e+02   9.985698700e+01   9.027263641e+01   7.166250610e+01   7.840963745e+01 
-0.2000  1.406767273e+02   1.707804260e+02   1.640212402e+02   1.473898010e+02   1.200667572e+02   1.517929993e+02 
-0.1000  1.678084106e+02   1.980400085e+02   1.903966980e+02   1.717597198e+02   1.431647949e+02   1.868640442e+02 
  415.000  4.821744e+02  2.157171e+02  1.480823e+02  7.674044e+01  4.563369e+01  2.593086e+01 
                                  0.000            22.500            45.000            90.000           180.000 
-1.0000  4.208189774e+01   4.208189774e+01   4.208189774e+01   4.208189774e+01   4.208189774e+01   4.208189774e+01 
-0.5000  7.891148376e+01   1.006111069e+02   9.691715240e+01   8.759393311e+01   6.949069214e+01   7.605344391e+01 
-0.2000  1.369387360e+02   1.663354950e+02   1.597350922e+02   1.434943695e+02   1.168130417e+02   1.477933807e+02 
-0.1000  1.639020081e+02   1.935366516e+02   1.860443115e+02   1.677754211e+02   1.397451935e+02   1.825809937e+02 
  416.000  5.070313e+02  2.239897e+02  1.550262e+02  8.069654e+01  4.748833e+01  2.713000e+01 
                                  0.000            22.500            45.000            90.000           180.000 
-1.0000  4.361872101e+01   4.361872101e+01   4.361872101e+01   4.361872101e+01   4.361872101e+01   4.361872101e+01 
-0.5000  8.190912628e+01   1.044947357e+02   1.006500015e+02   9.094622803e+01   7.210390472e+01   7.893394470e+01 
-0.2000  1.426251678e+02   1.733376770e+02   1.664419250e+02   1.494744110e+02   1.215989456e+02   1.539650726e+02 
-0.1000  1.712784424e+02   2.023563538e+02   1.944991608e+02   1.753406372e+02   1.459453430e+02   1.908667145e+02 
  417.000  4.757917e+02  2.076528e+02  1.448589e+02  7.572459e+01  4.411550e+01  2.533543e+01 
                                  0.000            22.500            45.000            90.000           180.000 
-1.0000  4.037190628e+01   4.037190628e+01   4.037190628e+01   4.037190628e+01   4.037190628e+01   4.037190628e+01 
-0.5000  7.590962219e+01   9.689779663e+01   9.332505035e+01   8.430773163e+01   6.679817200e+01   7.314434814e+01 
-0.2000  1.325948486e+02   1.612340546e+02   1.548038788e+02   1.389819641e+02   1.129883804e+02   1.431685791e+02 
-0.1000  1.597322693e+02   1.888140869e+02   1.814615936e+02   1.635337067e+02   1.360265045e+02   1.780619812e+02 
  418.000  4.786487e+02  2.062176e+02  1.450792e+02  7.617931e+01  4.390772e+01  2.535790e+01 
                                  0.000            22.500            45.000            90.000           180.000 
-1.0000  4.002383804e+01   4.002383804e+01   4.002383804e+01   4.002383804e+01   4.002383804e+01   4.002383804e+01 
-0.5000  7.535752106e+01   9.625310516e+01   9.269618988e+01   8.371878052e+01   6.628655243e+01   7.260386658e+01 
-0.2000  1.320715790e+02   1.606892395e+02   1.542639771e+02   1.384541168e+02   1.124801865e+02   1.426366272e+02 
-0.1000  1.596378784e+02   1.888072052e+02   1.814326324e+02   1.634509125e+02   1.358610229e+02   1.780222778e+02 
  419.000  4.911355e+02  2.088062e+02  1.481879e+02  7.816665e+01  4.456090e+01  2.588437e+01 
                                  0.000            22.500            45.000            90.000           180.000 
-1.0000  4.045409012e+01   4.045409012e+01   4.045409012e+01   4.045409012e+01   4.045409012e+01   4.045409012e+01 
-0.5000  7.627451324e+01   9.748587799e+01   9.387526703e+01   8.476233673e+01   6.706674194e+01   7.347867584e+01 
-0.2000  1.341400909e+02   1.633003845e+02   1.567533722e+02   1.406439209e+02   1.141776047e+02   1.449047699e+02 
-0.1000  1.627021484e+02   1.925401611e+02   1.849965973e+02   1.666027679e+02   1.383804474e+02   1.815075226e+02 
  420.000  4.403683e+02  1.850307e+02  1.323392e+02  7.008679e+01  3.956697e+01  2.310263e+01 
                                  0.000            22.500            45.000            90.000           180.000 
-1.0000  3.579206085e+01   3.579206085e+01   3.579206085e+01   3.579206085e+01   3.579206085e+01   3.579206085e+01 
-0.5000  6.756668091e+01   8.640515137e+01   8.319850159e+01   7.510514832e+01   5.938922119e+01   6.508313751e+01 
-0.2000  1.191847458e+02   1.451685181e+02   1.393347473e+02   1.249803085e+02   1.013971405e+02   1.287761841e+02 
-0.1000  1.450060577e+02   1.716846619e+02   1.649398956e+02   1.484938049e+02   1.232598648e+02   1.618198090e+02 
  421.000  5.181354e+02  2.150142e+02  1.550578e+02  8.246381e+01  4.607783e+01  2.705205e+01 
                                  0.000            22.500            45.000            90.000           180.000 
-1.0000  4.152315521e+01   4.152315521e+01   4.152315521e+01   4.152315521e+01   4.152315521e+01   4.152315521e+01 
-0.5000  7.848699188e+01   1.004291000e+02   9.669421387e+01   8.726762390e+01   6.896257782e+01   7.559371948e+01 
-0.2000  1.388907623e+02   1.692615356e+02   1.624429016e+02   1.456650848e+02   1.181003418e+02   1.501008759e+02 
-0.1000  1.695328369e+02   2.008292542e+02   1.929170837e+02   1.736244659e+02   1.440228577e+02   1.892563934e+02 
  422.000  5.171326e+02  2.119761e+02  1.541226e+02  8.230421e+01  4.552331e+01  2.687258e+01 
                                  0.000            22.500            45.000            90.000           180.000 
-1.0000  4.087019348e+01   4.087019348e+01   4.087019348e+01   4.087019348e+01   4.087019348e+01   4.087019348e+01 
-0.5000  7.734993744e+01   9.903167725e+01   9.534117889e+01   8.602658081e+01   6.793881989e+01   7.449041748e+01 
-0.2000  1.373067932e+02   1.674198761e+02   1.606591797e+02   1.440238953e+02   1.166931229e+02   1.484210510e+02 
-0.1000  1.681378479e+02   1.992796478e+02   1.914066315e+02   1.722094421e+02   1.427541351e+02   1.877634735e+02 
  423.000  4.638551e+02  1.878353e+02  1.376870e+02  7.382484e+01  4.042480e+01  2.399249e+01 
                                  0.000            22.500            45.000            90.000           180.000 
-1.0000  3.615710068e+01   3.615710068e+01   3.615710068e+01   3.615710068e+01   3.615710068e+01   3.615710068e+01 
-0.5000  6.851590729e+01   8.777110291e+01   8.449369049e+01   7.622166443e+01   6.015830231e+01   6.597594452e+01 
-0.2000  1.220041504e+02   1.488383026e+02   1.428138275e+02   1.279900665e+02   1.036353607e+02   1.319075775e+02 
-0.1000  1.498787537e+02   1.777288055e+02   1.706880188e+02   1.535201263e+02   1.271783829e+02   1.674294586e+02 
  424.000  4.544893e+02  1.817890e+02  1.343610e+02  7.233422e+01  3.920641e+01  2.339864e+01 
                                  0.000            22.500            45.000            90.000           180.000 
-1.0000  3.493769455e+01   3.493769455e+01   3.493769455e+01   3.493769455e+01   3.493769455e+01   3.493769455e+01 
-0.5000  6.628591156e+01   8.496408844e+01   8.178494263e+01   7.376094055e+01   5.817902374e+01   6.382151031e+01 
-0.2000  1.183952713e+02   1.445122681e+02   1.386488647e+02   1.242214508e+02   1.005177307e+02   1.280333405e+02 
-0.1000  1.459104919e+02   1.731122131e+02   1.662353821e+02   1.494672394e+02   1.237387772e+02   1.630521545e+02 
  425.000  4.602104e+02  1.818266e+02  1.355081e+02  7.324477e+01  3.930005e+01  2.358414e+01 
                                  0.000            22.500            45.000            90.000           180.000 
-1.0000  3.488740921e+01   3.488740921e+01   3.488740921e+01   3.488740921e+01   3.488740921e+01   3.488740921e+01 
-0.5000  6.627448273e+01   8.499695587e+01   8.181031799e+01   7.376739502e+01   5.814859390e+01   6.380379105e+01 
-0.2000  1.187479401e+02   1.450172119e+02   1.391197052e+02   1.246082993e+02   1.007664642e+02   1.284416046e+02 
-0.1000  1.468241425e+02   1.742841187e+02   1.673420410e+02   1.504148254e+02   1.244421616e+02   1.641281128e+02 
  426.000  5.002437e+02  1.954717e+02  1.467709e+02  7.961626e+01  4.233378e+01  2.553049e+01 
                                  0.000            22.500            45.000            90.000           180.000 
-1.0000  3.744864655e+01   3.744864655e+01   3.744864655e+01   3.744864655e+01   3.744864655e+01   3.744864655e+01 
-0.5000  7.122329712e+01   9.138812256e+01   8.795603180e+01   7.929357910e+01   6.247157669e+01   6.856189728e+01 
-0.2000  1.279829407e+02   1.563655853e+02   1.499936676e+02   1.343149567e+02   1.085551147e+02   1.384559631e+02 
-0.1000  1.587151184e+02   1.884831696e+02   1.809576416e+02   1.626077576e+02   1.344520874e+02   1.774731445e+02 
  427.000  4.674438e+02  1.803990e+02  1.366014e+02  7.439599e+01  3.915347e+01  2.374694e+01 
                                  0.000            22.500            45.000            90.000           180.000 
-1.0000  3.450630569e+01   3.450630569e+01   3.450630569e+01   3.450630569e+01   3.450630569e+01   3.450630569e+01 
-0.5000  6.570596313e+01   8.435791779e+01   8.118338013e+01   7.317097473e+01   5.761114120e+01   6.324367523e+01 
-0.2000  1.184284134e+02   1.447684784e+02   1.388551941e+02   1.243049927e+02   1.003990860e+02   1.281470032e+02 
-0.1000  1.473410492e+02   1.750652771e+02   1.680565033e+02   1.509665985e+02   1.247441254e+02   1.648106689e+02 
  428.000  4.692503e+02  1.788972e+02  1.365966e+02  7.468350e+01  3.890888e+01  2.373171e+01 
                                  0.000            22.500            45.000            90.000           180.000 
-1.0000  3.416673279e+01   3.416673279e+01   3.416673279e+01   3.416673279e+01   3.416673279e+01   3.416673279e+01 
-0.5000  6.513425446e+01   8.367225647e+01   8.051718140e+01   7.255387115e+01   5.708917999e+01   6.268641281e+01 
-0.2000  1.177437668e+02   1.440064240e+02   1.381106110e+02   1.236033478e+02   9.976779938e+01   1.274330444e+02 
-0.1000  1.469503479e+02   1.746887665e+02   1.676764526e+02   1.505779419e+02   1.243421326e+02   1.644283905e+02 
  429.000  4.228396e+02  1.593836e+02  1.226472e+02  6.729701e+01  3.473644e+01  2.129635e+01 
                                  0.000            22.500            45.000            90.000           180.000 
-1.0000  3.039307022e+01   3.039307022e+01   3.039307022e+01   3.039307022e+01   3.039307022e+01   3.039307022e+01 
-0.5000  5.800822449e+01   7.455474854e+01   7.173865509e+01   6.463088989e+01   5.082756424e+01   5.582302856e+01 
-0.2000  1.051676331e+02   1.286838226e+02   1.234046173e+02   1.104145966e+02   8.907176208e+01   1.138431702e+02 
-0.1000  1.316579590e+02   1.565804291e+02   1.502800293e+02   1.349174042e+02   1.113450470e+02   1.473612976e+02 
  430.000  3.623141e+02  1.350237e+02  1.047179e+02  5.766409e+01  2.948703e+01  1.817297e+01 
                                  0.000            22.500            45.000            90.000           180.000 
-1.0000  2.570963860e+01   2.570963860e+01   2.570963860e+01   2.570963860e+01   2.570963860e+01   2.570963860e+01 
-0.5000  4.912425232e+01   6.316896439e+01   6.077869034e+01   5.474570465e+01   4.302947235e+01   4.726910782e+01 
-0.2000  8.931272888e+01   1.093346405e+02   1.048399200e+02   9.378021240e+01   7.560879517e+01   9.669870758e+01 
-0.1000  1.121469879e+02   1.334369354e+02   1.280548859e+02   1.149314957e+02   9.479492188e+01   1.255611725e+02 
  431.000  3.037943e+02  1.118197e+02  8.746614e+01  4.835037e+01  2.447115e+01  1.516970e+01 
                                  0.000            22.500            45.000            90.000           180.000 
-1.0000  2.125944328e+01   2.125944328e+01   2.125944328e+01   2.125944328e+01   2.125944328e+01   2.125944328e+01 
-0.5000  4.066624451e+01   5.232363129e+01   5.033970642e+01   4.533230591e+01   3.560766220e+01   3.912601471e+01 
-0.2000  7.414905548e+01   9.081940460e+01   8.707713318e+01   7.786888885e+01   6.273934937e+01   8.029813385e+01 
-0.1000  9.340031433e+01   1.111875534e+02   1.066910172e+02   9.572682953e+01   7.890327454e+01   1.046071777e+02 
  432.000  5.436308e+02  1.977374e+02  1.559484e+02  8.652153e+01  4.336749e+01  2.703126e+01 
                                  0.000            22.500            45.000            90.000           180.000 
-1.0000  3.753484344e+01   3.753484344e+01   3.753484344e+01   3.753484344e+01   3.753484344e+01   3.753484344e+01 
-0.5000  7.188407898e+01   9.253775024e+01   8.902282715e+01   8.015120697e+01   6.292189789e+01   6.915475464e+01 
-0.2000  1.314617462e+02   1.610931854e+02   1.544414062e+02   1.380739594e+02   1.111813736e+02   1.423910370e+02 
-0.1000  1.661234894e+02   1.978522186e+02   1.898313904e+02   1.702736816e+02   1.402640076e+02   1.861136932e+02 
  433.000  5.190187e+02  1.864985e+02  1.483353e+02  8.260439e+01  4.099078e+01  2.569623e+01 
                                  0.000            22.500            45.000            90.000           180.000 
-1.0000  3.534682846e+01   3.534682846e+01   3.534682846e+01   3.534682846e+01   3.534682846e+01   3.534682846e+01 
-0.5000  6.777116394e+01   8.729093933e+01   8.396904755e+01   7.558463287e+01   5.930130386e+01   6.519111633e+01 
-0.2000  1.243035889e+02   1.523972168e+02   1.460907135e+02   1.305728912e+02   1.050761185e+02   1.346649170e+02 
-0.1000  1.575799866e+02   1.877676086e+02   1.801364136e+02   1.615288086e+02   1.329768524e+02   1.765986633e+02 
  434.000  4.878697e+02  1.732860e+02  1.389442e+02  7.764687e+01  3.816324e+01  2.405561e+01 
                                  0.000            22.500            45.000            90.000           180.000 
-1.0000  3.279625702e+01   3.279625702e+01   3.279625702e+01   3.279625702e+01   3.279625702e+01   3.279625702e+01 
-0.5000  6.294604492e+01   8.111943054e+01   7.802672577e+01   7.022077942e+01   5.506069183e+01   6.054336929e+01 
-0.2000  1.157651291e+02   1.419970245e+02   1.361085358e+02   1.216192551e+02   9.781222534e+01   1.254390717e+02 
-0.1000  1.471927338e+02   1.754714508e+02   1.683228760e+02   1.508920441e+02   1.241456299e+02   1.650082397e+02 
  435.000  5.371054e+02  1.886287e+02  1.524470e+02  8.548298e+01  4.162285e+01  2.637859e+01 
                                  0.000            22.500            45.000            90.000           180.000 
-1.0000  3.565171814e+01   3.565171814e+01   3.565171814e+01   3.565171814e+01   3.565171814e+01   3.565171814e+01 
-0.5000  6.849392700e+01   8.831554413e+01   8.494242859e+01   7.642867279e+01   5.989373779e+01   6.587268829e+01 
-0.2000  1.262942581e+02   1.549847870e+02   1.485444794e+02   1.326973724e+02   1.066591034e+02   1.368740692e+02 
-0.1000  1.610421448e+02   1.920681152e+02   1.842251282e+02   1.651010437e+02   1.357563171e+02   1.805877838e+02 
  436.000  5.942969e+02  2.062319e+02  1.680810e+02  9.458528e+01  4.560664e+01  2.906688e+01 
                                  0.000            22.500            45.000            90.000           180.000 
-1.0000  3.891819382e+01   3.891819382e+01   3.891819382e+01   3.891819382e+01   3.891819382e+01   3.891819382e+01 
-0.5000  7.485520172e+01   9.656713867e+01   9.287239838e+01   8.354685211e+01   6.543511200e+01   7.198344421e+01 
-0.2000  1.384271088e+02   1.699534607e+02   1.628766785e+02   1.454633789e+02   1.168515549e+02   1.500518951e+02 
-0.1000  1.770791168e+02   2.112919769e+02   2.026434326e+02   1.815551453e+02   1.491963196e+02   1.986318207e+02 
  437.000  5.889792e+02  2.021251e+02  1.660322e+02  9.373896e+01  4.479044e+01  2.869705e+01 
                                  0.000            22.500            45.000            90.000           180.000 
-1.0000  3.808737183e+01   3.808737183e+01   3.808737183e+01   3.808737183e+01   3.808737183e+01   3.808737183e+01 
-0.5000  7.333613586e+01   9.465160370e+01   9.102438354e+01   8.186923218e+01   6.408828735e+01   7.051635742e+01 
-0.2000  1.359893341e+02   1.670320892e+02   1.600639191e+02   1.429178925e+02   1.147450485e+02   1.474351349e+02 
-0.1000  1.744839935e+02   2.082835999e+02   1.997395935e+02   1.789061584e+02   1.469382629e+02   1.957758484e+02 
  438.000  5.376561e+02  1.824918e+02  1.510767e+02  8.557063e+01  4.052020e+01  2.609812e+01 
                                  0.000            22.500            45.000            90.000           180.000 
-1.0000  3.433993530e+01   3.433993530e+01   3.433993530e+01   3.433993530e+01   3.433993530e+01   3.433993530e+01 
-0.5000  6.618756104e+01   8.546596527e+01   8.218543243e+01   7.390534210e+01   5.782375717e+01   6.363677597e+01 
-0.2000  1.230546036e+02   1.512100677e+02   1.448900757e+02   1.293389893e+02   1.037865982e+02   1.334351501e+02 
-0.1000  1.583470459e+02   1.891005249e+02   1.813265991e+02   1.623708649e+02   1.332840881e+02   1.777194824e+02 
  439.000  4.844785e+02  1.624062e+02  1.356393e+02  7.710714e+01  3.613373e+01  2.341667e+01 
                                  0.000            22.500            45.000            90.000           180.000 
-1.0000  3.051897049e+01   3.051897049e+01   3.051897049e+01   3.051897049e+01   3.051897049e+01   3.051897049e+01 
-0.5000  5.887903595e+01   7.607466125e+01   7.314863586e+01   6.576329803e+01   5.141922379e+01   5.660303497e+01 
-0.2000  1.097525330e+02   1.349357758e+02   1.292830505e+02   1.153738480e+02   9.251904297e+01   1.190362701e+02 
-0.1000  1.416536255e+02   1.692492371e+02   1.622736359e+02   1.452645111e+02   1.191645660e+02   1.590361328e+02 
  440.000  5.403865e+02  1.796991e+02  1.509420e+02  8.600520e+01  4.003890e+01  2.604825e+01 
                                  0.000            22.500            45.000            90.000           180.000 
-1.0000  3.373480988e+01   3.373480988e+01   3.373480988e+01   3.373480988e+01   3.373480988e+01   3.373480988e+01 
-0.5000  6.513027191e+01   8.418067932e+01   8.093907928e+01   7.275721741e+01   5.686600113e+01   6.260840988e+01 
-0.2000  1.216326752e+02   1.495887451e+02   1.433136902e+02   1.278731155e+02   1.025019379e+02   1.319381104e+02 
-0.1000  1.573165894e+02   1.880209351e+02   1.802595520e+02   1.613343964e+02   1.322942657e+02   1.766568909e+02 
